0 info it worked if it ends with ok
1 verbose cli [ '/usr/local/bin/node',
1 verbose cli   '/usr/local/bin/npm',
1 verbose cli   'install',
1 verbose cli   '-g',
1 verbose cli   'nodemon' ]
2 info using npm@1.4.14
3 info using node@v0.10.29
4 verbose cache add [ 'nodemon', null ]
5 verbose cache add name=undefined spec="nodemon" args=["nodemon",null]
6 verbose parsed url { protocol: null,
6 verbose parsed url   slashes: null,
6 verbose parsed url   auth: null,
6 verbose parsed url   host: null,
6 verbose parsed url   port: null,
6 verbose parsed url   hostname: null,
6 verbose parsed url   hash: null,
6 verbose parsed url   search: null,
6 verbose parsed url   query: null,
6 verbose parsed url   pathname: 'nodemon',
6 verbose parsed url   path: 'nodemon',
6 verbose parsed url   href: 'nodemon' }
7 silly lockFile 1625b929-nodemon nodemon
8 verbose lock nodemon /Users/stephenrusselcrane/.npm/1625b929-nodemon.lock
9 silly lockFile 1625b929-nodemon nodemon
10 silly lockFile 1625b929-nodemon nodemon
11 verbose addNamed [ 'nodemon', '' ]
12 verbose addNamed [ null, '*' ]
13 silly lockFile 4f5e51c6-nodemon nodemon@
14 verbose lock nodemon@ /Users/stephenrusselcrane/.npm/4f5e51c6-nodemon.lock
15 silly addNameRange { name: 'nodemon', range: '*', hasData: false }
16 verbose url raw nodemon
17 verbose url resolving [ 'https://registry.npmjs.org/', './nodemon' ]
18 verbose url resolved https://registry.npmjs.org/nodemon
19 info trying registry request attempt 1 at 22:10:03
20 verbose etag "5GE22XC7QQWJT9HYDX5UINKMY"
21 http GET https://registry.npmjs.org/nodemon
22 http 304 https://registry.npmjs.org/nodemon
23 silly registry.get cb [ 304,
23 silly registry.get   { date: 'Tue, 10 May 2016 03:10:04 GMT',
23 silly registry.get     via: '1.1 varnish',
23 silly registry.get     'cache-control': 'max-age=300',
23 silly registry.get     etag: '"5GE22XC7QQWJT9HYDX5UINKMY"',
23 silly registry.get     age: '67',
23 silly registry.get     connection: 'keep-alive',
23 silly registry.get     'x-served-by': 'cache-jfk1025-JFK',
23 silly registry.get     'x-cache': 'HIT',
23 silly registry.get     'x-cache-hits': '1',
23 silly registry.get     'x-timer': 'S1462849804.417093,VS0,VE0',
23 silly registry.get     vary: 'Accept-Encoding' } ]
24 verbose etag nodemon from cache
25 silly addNameRange number 2 { name: 'nodemon', range: '*', hasData: true }
26 silly addNameRange versions [ 'nodemon',
26 silly addNameRange   [ '0.1.4',
26 silly addNameRange     '0.1.5',
26 silly addNameRange     '0.1.6',
26 silly addNameRange     '0.1.7',
26 silly addNameRange     '0.1.8',
26 silly addNameRange     '0.2.0',
26 silly addNameRange     '0.2.1',
26 silly addNameRange     '0.2.2',
26 silly addNameRange     '0.3.0',
26 silly addNameRange     '0.3.1',
26 silly addNameRange     '0.3.2',
26 silly addNameRange     '0.4.0',
26 silly addNameRange     '0.4.1',
26 silly addNameRange     '0.5.0',
26 silly addNameRange     '0.5.1',
26 silly addNameRange     '0.5.2',
26 silly addNameRange     '0.5.3',
26 silly addNameRange     '0.5.4',
26 silly addNameRange     '0.5.5',
26 silly addNameRange     '0.5.6',
26 silly addNameRange     '0.5.7',
26 silly addNameRange     '0.6.0',
26 silly addNameRange     '0.6.1',
26 silly addNameRange     '0.6.2',
26 silly addNameRange     '0.6.3',
26 silly addNameRange     '0.6.4',
26 silly addNameRange     '0.6.5',
26 silly addNameRange     '0.6.6',
26 silly addNameRange     '0.6.7',
26 silly addNameRange     '0.6.8',
26 silly addNameRange     '0.6.9',
26 silly addNameRange     '0.6.10',
26 silly addNameRange     '0.6.11',
26 silly addNameRange     '0.6.12',
26 silly addNameRange     '0.6.13',
26 silly addNameRange     '0.6.14',
26 silly addNameRange     '0.6.15',
26 silly addNameRange     '0.6.16',
26 silly addNameRange     '0.6.17',
26 silly addNameRange     '0.6.18',
26 silly addNameRange     '0.6.19',
26 silly addNameRange     '0.6.20',
26 silly addNameRange     '0.6.21',
26 silly addNameRange     '0.6.22',
26 silly addNameRange     '0.6.23',
26 silly addNameRange     '0.7.0',
26 silly addNameRange     '0.7.1',
26 silly addNameRange     '0.7.2',
26 silly addNameRange     '0.7.3',
26 silly addNameRange     '0.7.4',
26 silly addNameRange     '0.7.5',
26 silly addNameRange     '0.7.6',
26 silly addNameRange     '0.7.7',
26 silly addNameRange     '0.7.8',
26 silly addNameRange     '0.7.10',
26 silly addNameRange     '0.9.0',
26 silly addNameRange     '0.9.1',
26 silly addNameRange     '0.9.2',
26 silly addNameRange     '0.9.3',
26 silly addNameRange     '0.9.5',
26 silly addNameRange     '0.9.6',
26 silly addNameRange     '0.9.7',
26 silly addNameRange     '0.9.10',
26 silly addNameRange     '0.9.11',
26 silly addNameRange     '0.9.12',
26 silly addNameRange     '0.9.14',
26 silly addNameRange     '0.9.16',
26 silly addNameRange     '0.9.17',
26 silly addNameRange     '1.0.0',
26 silly addNameRange     '1.0.1',
26 silly addNameRange     '1.0.2',
26 silly addNameRange     '1.0.2-rc',
26 silly addNameRange     '0.6.10-a',
26 silly addNameRange     '1.0.2-rc3',
26 silly addNameRange     '1.0.2-rc4',
26 silly addNameRange     '1.0.3',
26 silly addNameRange     '1.0.4',
26 silly addNameRange     '1.0.5',
26 silly addNameRange     '1.0.6',
26 silly addNameRange     '1.0.7',
26 silly addNameRange     '1.0.8',
26 silly addNameRange     '1.0.9',
26 silly addNameRange     '1.0.10',
26 silly addNameRange     '1.0.11',
26 silly addNameRange     '1.0.12',
26 silly addNameRange     '1.0.13',
26 silly addNameRange     '1.0.14',
26 silly addNameRange     '1.0.15',
26 silly addNameRange     '1.0.16',
26 silly addNameRange     '1.0.17-rc1',
26 silly addNameRange     '1.0.17-rc2',
26 silly addNameRange     '1.0.17',
26 silly addNameRange     '1.0.18',
26 silly addNameRange     '1.0.19',
26 silly addNameRange     '1.0.20',
26 silly addNameRange     '1.1.0-alpha',
26 silly addNameRange     '1.1.0',
26 silly addNameRange     '1.1.1',
26 silly addNameRange     '1.2.0',
26 silly addNameRange     '1.2.1',
26 silly addNameRange     '1.3.0-0',
26 silly addNameRange     '1.3.0-1',
26 silly addNameRange     '1.3.0-2',
26 silly addNameRange     '1.3.0-3',
26 silly addNameRange     '1.3.0-4',
26 silly addNameRange     '1.3.0-5',
26 silly addNameRange     '1.3.0-6',
26 silly addNameRange     '1.3.0-7',
26 silly addNameRange     '1.3.0',
26 silly addNameRange     '1.3.1',
26 silly addNameRange     '1.3.2',
26 silly addNameRange     '1.3.3',
26 silly addNameRange     '1.3.5',
26 silly addNameRange     '1.3.6',
26 silly addNameRange     '1.3.7',
26 silly addNameRange     '1.3.8',
26 silly addNameRange     '1.4.0',
26 silly addNameRange     '1.4.1',
26 silly addNameRange     '1.5.0-alpha1',
26 silly addNameRange     '1.5.0-alpha2',
26 silly addNameRange     '1.5.0-alpha3',
26 silly addNameRange     '1.5.0-alpha4',
26 silly addNameRange     '1.4.2',
26 silly addNameRange     '1.5.0',
26 silly addNameRange     '1.5.1',
26 silly addNameRange     '1.6.0',
26 silly addNameRange     '1.6.1',
26 silly addNameRange     '1.7.0',
26 silly addNameRange     '1.7.1',
26 silly addNameRange     '1.7.2',
26 silly addNameRange     '1.7.3',
26 silly addNameRange     '1.8.0',
26 silly addNameRange     '1.8.1',
26 silly addNameRange     '1.9.0',
26 silly addNameRange     '1.9.1',
26 silly addNameRange     '1.9.2' ] ]
27 verbose addNamed [ 'nodemon', '1.9.2' ]
28 verbose addNamed [ '1.9.2', '1.9.2' ]
29 silly lockFile 0fd0714b-nodemon-1-9-2 nodemon@1.9.2
30 verbose lock nodemon@1.9.2 /Users/stephenrusselcrane/.npm/0fd0714b-nodemon-1-9-2.lock
31 silly lockFile 0fd0714b-nodemon-1-9-2 nodemon@1.9.2
32 silly lockFile 0fd0714b-nodemon-1-9-2 nodemon@1.9.2
33 silly lockFile 4f5e51c6-nodemon nodemon@
34 silly lockFile 4f5e51c6-nodemon nodemon@
35 silly resolved [ { name: 'nodemon',
35 silly resolved     homepage: 'http://nodemon.io',
35 silly resolved     author: { name: 'Remy Sharp', url: 'http://github.com/remy' },
35 silly resolved     bin: { nodemon: './bin/nodemon.js' },
35 silly resolved     engines: { node: '>=0.8' },
35 silly resolved     repository: { type: 'git', url: 'git+https://github.com/remy/nodemon.git' },
35 silly resolved     description: 'Simple monitor script for use during development of a node.js app.',
35 silly resolved     keywords:
35 silly resolved      [ 'monitor',
35 silly resolved        'development',
35 silly resolved        'restart',
35 silly resolved        'autoload',
35 silly resolved        'reload',
35 silly resolved        'terminal' ],
35 silly resolved     license: 'MIT',
35 silly resolved     main: './lib/nodemon',
35 silly resolved     scripts:
35 silly resolved      { coverage: 'istanbul cover _mocha -- --timeout 30000 --ui bdd --reporter list test/**/*.test.js',
35 silly resolved        lint: 'jscs lib/**/*.js -v',
35 silly resolved        ':spec': 'mocha --timeout 30000 --ui bdd test/**/*.test.js',
35 silly resolved        test: 'npm run lint && npm run spec',
35 silly resolved        spec: 'for FILE in test/**/*.test.js; do echo $FILE; ./node_modules/.bin/mocha --timeout 30000 $FILE; if [ $? -ne 0 ]; then exit 1; fi; sleep 1; done',
35 silly resolved        web: 'node web',
35 silly resolved        'semantic-release': 'semantic-release pre && npm publish && semantic-release post' },
35 silly resolved     devDependencies:
35 silly resolved      { async: '1.4.2',
35 silly resolved        'coffee-script': '~1.7.1',
35 silly resolved        connect: '~2.19.1',
35 silly resolved        istanbul: '~0.2.10',
35 silly resolved        jscs: '2.1.1',
35 silly resolved        mocha: '2.3.3',
35 silly resolved        should: '~4.0.0',
35 silly resolved        'semantic-release': '4.3.5' },
35 silly resolved     dependencies:
35 silly resolved      { chokidar: '^1.4.3',
35 silly resolved        debug: '^2.2.0',
35 silly resolved        'es6-promise': '^3.0.2',
35 silly resolved        'ignore-by-default': '^1.0.0',
35 silly resolved        'lodash.defaults': '^3.1.2',
35 silly resolved        minimatch: '^3.0.0',
35 silly resolved        'ps-tree': '^1.0.1',
35 silly resolved        touch: '1.0.0',
35 silly resolved        undefsafe: '0.0.3',
35 silly resolved        'update-notifier': '0.5.0' },
35 silly resolved     version: '1.9.2',
35 silly resolved     gitHead: 'ceadfb8e919603b67a39f8528bb6914f8b92f1d7',
35 silly resolved     bugs: { url: 'https://github.com/remy/nodemon/issues' },
35 silly resolved     _id: 'nodemon@1.9.2',
35 silly resolved     _shasum: '21b3cd157d5483833b473372c98e1795a4d55970',
35 silly resolved     _from: 'nodemon@',
35 silly resolved     _npmVersion: '2.15.4',
35 silly resolved     _nodeVersion: '6.0.0',
35 silly resolved     _npmUser: { name: 'remy', email: 'remy@leftlogic.com' },
35 silly resolved     dist:
35 silly resolved      { shasum: '21b3cd157d5483833b473372c98e1795a4d55970',
35 silly resolved        tarball: 'https://registry.npmjs.org/nodemon/-/nodemon-1.9.2.tgz' },
35 silly resolved     maintainers: [ [Object] ],
35 silly resolved     _npmOperationalInternal:
35 silly resolved      { host: 'packages-16-east.internal.npmjs.com',
35 silly resolved        tmp: 'tmp/nodemon-1.9.2.tgz_1461962060119_0.3160424646921456' },
35 silly resolved     directories: {},
35 silly resolved     _resolved: 'https://registry.npmjs.org/nodemon/-/nodemon-1.9.2.tgz',
35 silly resolved     readme: 'ERROR: No README data found!' } ]
36 info install nodemon@1.9.2 into /usr/local/lib
37 info installOne nodemon@1.9.2
38 info /usr/local/lib/node_modules/nodemon unbuild
39 info preuninstall nodemon@1.9.1
40 info uninstall nodemon@1.9.1
41 verbose true,/usr/local/lib/node_modules,/usr/local/lib/node_modules unbuild nodemon@1.9.1
42 verbose /usr/local/bin,[object Object] binRoot
43 info postuninstall nodemon@1.9.1
44 info /usr/local/lib/node_modules/nodemon unbuild
45 info preuninstall nodemon@1.9.1
46 info uninstall nodemon@1.9.1
47 verbose true,/usr/local/lib/node_modules,/usr/local/lib/node_modules unbuild nodemon@1.9.1
48 verbose /usr/local/bin,[object Object] binRoot
49 info postuninstall nodemon@1.9.1
50 error error rolling back Error: EACCES, unlink '/usr/local/lib/node_modules/nodemon/.jscsrc'
50 error error rolling back  nodemon@1.9.2 { [Error: EACCES, unlink '/usr/local/lib/node_modules/nodemon/.jscsrc']
50 error error rolling back   errno: 3,
50 error error rolling back   code: 'EACCES',
50 error error rolling back   path: '/usr/local/lib/node_modules/nodemon/.jscsrc' }
51 error Error: EACCES, unlink '/usr/local/lib/node_modules/nodemon/.jshintrc'
51 error  { [Error: EACCES, unlink '/usr/local/lib/node_modules/nodemon/.jshintrc']
51 error   errno: 3,
51 error   code: 'EACCES',
51 error   path: '/usr/local/lib/node_modules/nodemon/.jshintrc' }
52 error Please try running this command again as root/Administrator.
53 error System Darwin 15.3.0
54 error command "/usr/local/bin/node" "/usr/local/bin/npm" "install" "-g" "nodemon"
55 error cwd /Users/stephenrusselcrane/Desktop/thinkful/node/chatroom
56 error node -v v0.10.29
57 error npm -v 1.4.14
58 error path /usr/local/lib/node_modules/nodemon/.jshintrc
59 error code EACCES
60 error errno 3
61 error stack Error: EACCES, unlink '/usr/local/lib/node_modules/nodemon/.jshintrc'
62 verbose exit [ 3, true ]
